<?xml version="1.0" encoding="utf-8" standalone="no"?>
<!--This file represents the results of running a test suite-->
<test-results name="E:\ljework\yida\codesource\yidascanTest\bin\Debug\yidascanTest.dll" total="1" errors="1" failures="0" not-run="0" inconclusive="0" ignored="0" skipped="0" invalid="0" date="2016-12-09" time="10:55:59">
  <environment nunit-version="2.5.2.9222" clr-version="4.0.30319.42000" os-version="Microsoft Windows NT 6.1.7601 Service Pack 1" platform="Win32NT" cwd="C:\Windows\system32" machine-name="WIN-BK7Q2BLK53K" user="Administrator" user-domain="WIN-BK7Q2BLK53K" />
  <culture-info current-culture="zh-CN" current-uiculture="zh-CN" />
  <test-suite name="E:\ljework\yida\codesource\yidascanTest\bin\Debug\yidascanTest.dll" executed="True" success="False" time="2.574" asserts="0">
    <results>
      <test-suite name="yidascanTest" executed="True" success="False" time="2.558" asserts="0">
        <results>
          <test-suite name="TestCase1" executed="True" success="False" time="2.512" asserts="0">
            <results>
              <test-case name="yidascanTest.TestCase1.Test" executed="True" success="False" time="2.434" asserts="0">
                <failure>
                  <message><![CDATA[System.NullReferenceException : Object reference not set to an instance of an object.]]></message>
                  <stack-trace><![CDATA[at yidascan.DataAccess.LableCode.SetupPanelInfo(PanelInfo pinfo) in E:\ljework\yida\codesource\yidascan\DataAccess\LableCode.cs:line 154
at yidascan.LableCodeBll.AreaBCalculate(LableCode lc, String& outCacheLable, List`1 lcs, String& msg) in E:\ljework\yida\codesource\yidascan\LableCodeBll.cs:line 143
at yidascanTest.TestCase1.Test() in E:\ljework\yida\codesource\yidascanTest\TestCase1.cs:line 46
]]></stack-trace>
                </failure>
              </test-case>
            </results>
          </test-suite>
        </results>
      </test-suite>
    </results>
  </test-suite>
</test-results>